TN:
SF:02-ratelimitter.js
FNF:0
FNH:0
DA:1,1
DA:2,1
DA:3,1
DA:4,1
DA:5,1
DA:6,1
DA:7,1
DA:8,1
DA:9,1
DA:10,1
DA:11,1
DA:12,1
DA:13,1
DA:14,1
DA:15,1
DA:16,7
DA:17,1
DA:18,1
DA:19,1
DA:20,1
DA:21,13
DA:22,13
DA:23,10
DA:24,10
DA:25,0
DA:26,10
DA:27,10
DA:28,10
DA:29,13
DA:30,3
DA:31,3
DA:32,3
DA:33,13
DA:34,1
DA:35,1
DA:36,13
DA:37,1
DA:38,1
DA:39,1
DA:40,0
DA:41,1
DA:42,1
DA:43,1
LF:43
LH:41
BRDA:15,0,0,7
BRDA:20,1,0,13
BRDA:22,2,0,10
BRDA:24,3,0,0
BRDA:29,4,0,3
BRDA:35,5,0,13
BRF:6
BRH:5
end_of_record
